<?xml version="1.0" encoding="UTF-8"?>
<!-- Generated by org.testng.reporters.JUnitReportReporter -->
<testsuite hostname="ULTP_247" name="com.eci.officeshopper.logon.TestLogon" tests="3" failures="0" timestamp="2 Apr 2015 08:46:42 GMT" time="40.370" errors="0">
  <testcase name="registerToOfficeShopper" time="12.713" classname="com.eci.officeshopper.logon.TestLogon"/>
  <testcase name="logonToOfficeShopper" time="17.567" classname="com.eci.officeshopper.logon.TestLogon"/>
  <testcase name="launchOfficeShopper" time="10.090" classname="com.eci.officeshopper.logon.TestLogon"/>
</testsuite> <!-- com.eci.officeshopper.logon.TestLogon -->
