<?xml version="1.0" encoding="UTF-8"?>
<!-- Generated by org.testng.reporters.JUnitReportReporter -->
<testsuite hostname="ULTP_247" name="com.eci.officeshopper.logoff.TestLogoff" tests="1" failures="0" timestamp="2 Apr 2015 08:46:42 GMT" time="1.124" errors="0">
  <testcase name="logoffOfficeShopper" time="1.124" classname="com.eci.officeshopper.logoff.TestLogoff"/>
</testsuite> <!-- com.eci.officeshopper.logoff.TestLogoff -->
